<?xml version="1.0" encoding="utf-8"?><testsuites name="pytest tests"><testsuite name="pytest" errors="0" failures="0" skipped="0" tests="38" time="3.323" timestamp="2026-03-22T00:28:27.515503+09:00" hostname="yuki"><testcase classname="tests.test_cosmo_adapter.TestCosmoAdapterProperties" name="test_name" time="0.001" /><testcase classname="tests.test_cosmo_adapter.TestCosmoAdapterProperties" name="test_description" time="0.001" /><testcase classname="tests.test_cosmo_adapter.TestCosmoAdapterProperties" name="test_get_descriptor_names" time="0.000" /><testcase classname="tests.test_cosmo_adapter.TestCosmoAdapterProperties" name="test_get_descriptors_metadata" time="0.001" /><testcase classname="tests.test_cosmo_adapter.TestCosmoAdapterProperties" name="test_parameterization_default" time="0.000" /><testcase classname="tests.test_cosmo_adapter.TestCosmoAdapterProperties" name="test_parameterization_custom" time="0.000" /><testcase classname="tests.test_cosmo_adapter.TestCosmoAdapterAvailability" name="test_is_available_returns_bool" time="1.790" /><testcase classname="tests.test_cosmo_adapter.TestCosmoAdapterComputeNoCosmiFiles" name="test_no_cosmi_files_returns_nan" time="0.003" /><testcase classname="tests.test_cosmo_adapter.TestCosmoAdapterComputeNoCosmiFiles" name="test_empty_cosmi_files" time="0.002" /><testcase classname="tests.test_cosmo_adapter.TestCosmoAdapterComputeWithCosmiFiles" name="test_missing_file_returns_nan" time="0.002" /><testcase classname="tests.test_cosmo_adapter.TestCosmoAdapterComputeWithCosmiFiles" name="test_fewer_cosmi_files_than_smiles" time="0.002" /><testcase classname="tests.test_cosmo_adapter.TestCosmoAdapterComputeWithCosmiFiles" name="test_successful_calculation_with_dict_result" time="0.003" /><testcase classname="tests.test_cosmo_adapter.TestCosmoAdapterComputeWithCosmiFiles" name="test_calculation_exception_returns_nan" time="0.003" /><testcase classname="tests.test_cosmo_adapter.TestCosmoAdapterComputeWithCosmiFiles" name="test_non_dict_result_returns_nan" time="0.002" /><testcase classname="tests.test_cosmo_adapter.TestCosmoDescriptorConstants" name="test_descriptor_keys" time="0.001" /><testcase classname="tests.test_cosmo_adapter.TestCosmoDescriptorConstants" name="test_descriptor_values_are_japanese" time="0.000" /><testcase classname="tests.test_protonation.TestNeutralize" name="test_sodium_carboxylate" time="0.011" /><testcase classname="tests.test_protonation.TestNeutralize" name="test_already_neutral" time="0.001" /><testcase classname="tests.test_protonation.TestNeutralize" name="test_invalid_smiles" time="0.000" /><testcase classname="tests.test_protonation.TestNeutralize" name="test_empty_string" time="0.001" /><testcase classname="tests.test_protonation.TestNeutralize" name="test_ammonium" time="0.001" /><testcase classname="tests.test_protonation.TestMaxDeprotonate" name="test_carboxylic_acid" time="0.002" /><testcase classname="tests.test_protonation.TestMaxDeprotonate" name="test_invalid_smiles" time="0.000" /><testcase classname="tests.test_protonation.TestMaxDeprotonate" name="test_benzene" time="0.001" /><testcase classname="tests.test_protonation.TestMaxProtonate" name="test_amine" time="0.001" /><testcase classname="tests.test_protonation.TestMaxProtonate" name="test_invalid_smiles" time="0.000" /><testcase classname="tests.test_protonation.TestApplyProtonation" name="test_as_is" time="0.000" /><testcase classname="tests.test_protonation.TestApplyProtonation" name="test_neutral_mode" time="0.001" /><testcase classname="tests.test_protonation.TestApplyProtonation" name="test_max_acid_mode" time="0.001" /><testcase classname="tests.test_protonation.TestApplyProtonation" name="test_max_base_mode" time="0.001" /><testcase classname="tests.test_protonation.TestApplyProtonation" name="test_unknown_mode" time="0.000" /><testcase classname="tests.test_protonation.TestApplyProtonation" name="test_none_input" time="0.000" /><testcase classname="tests.test_protonation.TestApplyProtonation" name="test_empty_string" time="0.000" /><testcase classname="tests.test_protonation.TestApplyProtonation" name="test_non_string_input" time="0.000" /><testcase classname="tests.test_protonation.TestApplyProtonation" name="test_auto_ph_without_unipka" time="0.934" /><testcase classname="tests.test_protonation.TestApplyProtonationBatch" name="test_batch" time="0.001" /><testcase classname="tests.test_protonation.TestApplyProtonationBatch" name="test_empty_list" time="0.000" /><testcase classname="tests.test_protonation.TestApplyProtonationBatch" name="test_batch_as_is" time="0.000" /></testsuite></testsuites>